<?xml version="1.0" encoding="UTF-8"?>
<!-- Generated by org.testng.reporters.JUnitReportReporter -->
<testsuite hostname="LAPTOP-CTO6KOJG" name="com.susheel.tests.Seleniumdemo2" tests="9" failures="0" timestamp="21 Sep 2021 15:04:16 GMT" time="13.027" errors="0">
  <testcase name="myDetails" time="0.961" classname="com.susheel.tests.Seleniumdemo2"/>
  <testcase name="login" time="7.136" classname="com.susheel.tests.Seleniumdemo2"/>
  <testcase name="lastNameTest" time="0.030" classname="com.susheel.tests.Seleniumdemo2"/>
  <testcase name="dateTest" time="0.028" classname="com.susheel.tests.Seleniumdemo2"/>
  <testcase name="validateTitle" time="0.010" classname="com.susheel.tests.Seleniumdemo2"/>
  <testcase name="gender" time="0.071" classname="com.susheel.tests.Seleniumdemo2"/>
  <testcase name="dateSelect" time="3.612" classname="com.susheel.tests.Seleniumdemo2"/>
  <testcase name="nationality" time="1.150" classname="com.susheel.tests.Seleniumdemo2"/>
  <testcase name="firstNameTest" time="0.029" classname="com.susheel.tests.Seleniumdemo2"/>
</testsuite> <!-- com.susheel.tests.Seleniumdemo2 -->
